[31Aug2024 23:50:26.002] [main/INFO] [cpw.mods.modlauncher.Launcher/MODLAUNCHER]: ModLauncher running: args [--mod, fluidizationcraft, --all, --output, Z:\Coding Projects\Fluidizationcraft\src\generated\resources, --existing, Z:\Coding Projects\Fluidizationcraft\src\main\resources, --launchTarget, forgedatauserdev, --assetIndex, asset-index, --assetsDir, C:\Users\Cliff\.gradle\caches\minecraft\assets\1.21, --gameDir, ., --fml.neoForgeVersion, 21.0.167, --fml.fmlVersion, 4.0.23, --fml.mcVersion, 1.21, --fml.neoFormVersion, 20240613.152323]
[31Aug2024 23:50:26.006] [main/INFO] [cpw.mods.modlauncher.Launcher/MODLAUNCHER]: JVM identified as Eclipse Adoptium OpenJDK 64-Bit Server VM 21.0.4+7-LTS
[31Aug2024 23:50:26.008] [main/INFO] [cpw.mods.modlauncher.Launcher/MODLAUNCHER]: ModLauncher 11.0.4+main.d2e20e43 starting: java version 21.0.4 by Eclipse Adoptium; OS Windows 10 arch amd64 version 10.0
[31Aug2024 23:50:26.260] [main/INFO] [net.neoforged.fml.loading.ImmediateWindowHandler/]: ImmediateWindowProvider not loading because launch target is forgedatauserdev
[31Aug2024 23:50:26.357] [main/INFO] [mixin/]: SpongePowered MIXIN Subsystem Version=0.8.6 Source=union:/C:/Users/Cliff/.gradle/caches/modules-2/files-2.1/net.fabricmc/sponge-mixin/0.14.0+mixin.0.8.6/c265173c84346e9e5d42a2384b2b02bd39a4a899/sponge-mixin-0.14.0+mixin.0.8.6.jar%23135!/ Service=ModLauncher Env=CLIENT
[31Aug2024 23:50:26.679] [main/INFO] [net.neoforged.fml.loading.moddiscovery.ModDiscoverer/SCAN]: Found mod file "neoforge-21.0.167.jar" [locator: neoforge devenv provider ([Z:\Coding Projects\Fluidizationcraft\.gradle\repositories\ng_dummy_ng\net\neoforged\neoforge\21.0.167\neoforge-21.0.167.jar])]
[31Aug2024 23:50:26.705] [main/INFO] [net.neoforged.fml.loading.moddiscovery.ModDiscoverer/SCAN]: Found mod file "neoforge-21.0.167.jar" [locator: neoforge devenv provider ([Z:\Coding Projects\Fluidizationcraft\.gradle\repositories\ng_dummy_ng\net\neoforged\neoforge\21.0.167\neoforge-21.0.167.jar])]
[31Aug2024 23:50:26.721] [main/INFO] [net.neoforged.fml.loading.moddiscovery.ModDiscoverer/SCAN]: Found mod file "jei-1.21-neoforge-19.8.2.99.jar" [locator: {mods folder locator at Z:\Coding Projects\Fluidizationcraft\runs\data\mods}, reader: mod manifest]
[31Aug2024 23:50:26.732] [main/INFO] [net.neoforged.fml.loading.moddiscovery.ModDiscoverer/SCAN]: Found mod file "main" [locator: userdev mods and services, reader: mod manifest]
[31Aug2024 23:50:26.748] [main/INFO] [net.neoforged.fml.loading.moddiscovery.ModDiscoverer/SCAN]: Found mod file "neoforge-21.0.167.jar" [locator: userdev mods and services, reader: mod manifest]
[31Aug2024 23:50:26.778] [main/INFO] [net.neoforged.fml.loading.moddiscovery.ModDiscoverer/SCAN]: Found gamelibrary file "mixinextras-neoforge-0.3.5.jar" [locator: userdev mods and services, reader: mod manifest]
[31Aug2024 23:50:26.940] [main/WARN] [net.neoforged.jarjar.selection.JarSelector/]: Attempted to select a dependency jar for JarJar which was passed in as source: mixinextras-neoforge-0.3.5.jar. Using Mod File: C:\Users\Cliff\.gradle\caches\modules-2\files-2.1\io.github.llamalad7\mixinextras-neoforge\0.3.5\ef3ffcf309dae656517b2f120189b1c9b21737dd\mixinextras-neoforge-0.3.5.jar
[31Aug2024 23:50:26.940] [main/INFO] [net.neoforged.fml.loading.moddiscovery.locators.JarInJarDependencyLocator/]: No dependencies to load found. Skipping!
[31Aug2024 23:50:27.196] [main/INFO] [net.neoforged.fml.loading.FMLServiceProvider/CORE]: Loading coremod script-engine for [neoforge]
[31Aug2024 23:50:28.673] [main/INFO] [cpw.mods.modlauncher.LaunchServiceHandler/MODLAUNCHER]: Launching target 'forgedatauserdev' with arguments [--gameDir, ., --assetsDir, C:\Users\Cliff\.gradle\caches\minecraft\assets\1.21, --mod, fluidizationcraft, --all, --output, Z:\Coding Projects\Fluidizationcraft\src\generated\resources, --existing, Z:\Coding Projects\Fluidizationcraft\src\main\resources, --assetIndex, asset-index]
[31Aug2024 23:50:29.483] [main/INFO] [net.neoforged.neoforge.data.loading.DatagenModLoader/]: Initializing Data Gatherer for mods [fluidizationcraft]
[31Aug2024 23:50:29.506] [main/INFO] [MixinExtras|Service/]: Initializing MixinExtras via com.llamalad7.mixinextras.service.MixinExtrasServiceImpl(version=0.3.5).
[31Aug2024 23:50:37.015] [modloading-worker-0/INFO] [net.neoforged.neoforge.common.NeoForgeMod/NEOFORGE-MOD]: NeoForge mod loading, version 21.0.167, for MC 1.21
[31Aug2024 23:50:37.272] [modloading-worker-0/INFO] [mezz.jei.library.load.PluginCaller/]: Sending ConfigManager...
[31Aug2024 23:50:37.278] [modloading-worker-0/INFO] [mezz.jei.library.load.PluginCaller/]: Sending ConfigManager took 4.083 ms
[31Aug2024 23:50:37.691] [main/WARN] [net.minecraft.server.packs.VanillaPackResourcesBuilder/]: Assets URL 'union:/Z:/Coding%20Projects/Fluidizationcraft/.gradle/repositories/ng_dummy_ng/net/neoforged/neoforge/21.0.167/neoforge-21.0.167.jar%23190!/assets/.mcassetsroot' uses unexpected schema
[31Aug2024 23:50:37.692] [main/WARN] [net.minecraft.server.packs.VanillaPackResourcesBuilder/]: Assets URL 'union:/Z:/Coding%20Projects/Fluidizationcraft/.gradle/repositories/ng_dummy_ng/net/neoforged/neoforge/21.0.167/neoforge-21.0.167.jar%23190!/data/.mcassetsroot' uses unexpected schema
[31Aug2024 23:50:38.014] [main/INFO] [net.minecraft.data.DataGenerator/]: Starting provider: Block States: fluidizationcraft
[31Aug2024 23:50:38.097] [main/INFO] [net.minecraft.data.DataGenerator/]: Block States: fluidizationcraft finished after 81 ms
[31Aug2024 23:50:38.097] [main/INFO] [net.minecraft.data.DataGenerator/]: Starting provider: Item Models: fluidizationcraft
[31Aug2024 23:50:38.111] [main/INFO] [net.minecraft.data.DataGenerator/]: Item Models: fluidizationcraft finished after 14 ms
[31Aug2024 23:50:38.111] [main/INFO] [net.minecraft.data.DataGenerator/]: Starting provider: Recipes
[31Aug2024 23:50:38.215] [main/INFO] [net.minecraft.data.DataGenerator/]: Recipes finished after 103 ms
[31Aug2024 23:50:38.215] [main/INFO] [net.minecraft.data.DataGenerator/]: Starting provider: Loot Tables
[31Aug2024 23:50:38.254] [main/INFO] [net.minecraft.data.DataGenerator/]: Loot Tables finished after 38 ms
[31Aug2024 23:50:38.254] [main/INFO] [net.minecraft.data.DataGenerator/]: Starting provider: Tags for minecraft:block mod id fluidizationcraft
[31Aug2024 23:50:38.289] [main/INFO] [net.minecraft.data.DataGenerator/]: Tags for minecraft:block mod id fluidizationcraft finished after 34 ms
[31Aug2024 23:50:38.290] [main/INFO] [net.minecraft.data.DataGenerator/]: Starting provider: Registries
[31Aug2024 23:50:38.432] [main/INFO] [net.minecraft.data.DataGenerator/]: Registries finished after 142 ms
[31Aug2024 23:50:38.433] [main/INFO] [net.minecraft.data.DataGenerator/]: All providers took: 418 ms
[31Aug2024 23:50:38.447] [main/INFO] [net.minecraft.data.HashCache/]: Caching: total files: 106, old count: 0, new count: 107, removed stale: 0, written: 106
