[31Aug2024 20:56:30.472] [main/INFO] [cpw.mods.modlauncher.Launcher/MODLAUNCHER]: ModLauncher running: args [--launchTarget, forgeclientuserdev, --version, 21.0.167, --assetIndex, asset-index, --assetsDir, C:\Users\Cliff\.gradle\caches\minecraft\assets\1.21, --gameDir, ., --fml.neoForgeVersion, 21.0.167, --fml.fmlVersion, 4.0.23, --fml.mcVersion, 1.21, --fml.neoFormVersion, 20240613.152323]
[31Aug2024 20:56:30.476] [main/INFO] [cpw.mods.modlauncher.Launcher/MODLAUNCHER]: JVM identified as Eclipse Adoptium OpenJDK 64-Bit Server VM 21.0.4+7-LTS
[31Aug2024 20:56:30.479] [main/INFO] [cpw.mods.modlauncher.Launcher/MODLAUNCHER]: ModLauncher 11.0.4+main.d2e20e43 starting: java version 21.0.4 by Eclipse Adoptium; OS Windows 10 arch amd64 version 10.0
[31Aug2024 20:56:30.671] [main/INFO] [net.neoforged.fml.loading.ImmediateWindowHandler/]: Loading ImmediateWindowProvider fmlearlywindow
[31Aug2024 20:56:30.852] [main/INFO] [EARLYDISPLAY/]: Trying GL version 4.6
[31Aug2024 20:56:31.046] [main/INFO] [EARLYDISPLAY/]: Requested GL version 4.6 got version 4.6
[31Aug2024 20:56:31.216] [main/INFO] [mixin/]: SpongePowered MIXIN Subsystem Version=0.8.6 Source=union:/C:/Users/Cliff/.gradle/caches/modules-2/files-2.1/net.fabricmc/sponge-mixin/0.14.0+mixin.0.8.6/c265173c84346e9e5d42a2384b2b02bd39a4a899/sponge-mixin-0.14.0+mixin.0.8.6.jar%23135!/ Service=ModLauncher Env=CLIENT
[31Aug2024 20:56:31.539] [pool-2-thread-1/INFO] [EARLYDISPLAY/]: GL info: Radeon RX 580 Series GL version 4.6.0 Core Profile Context 24.7.1.240618, ATI Technologies Inc.
[31Aug2024 20:56:31.607] [main/INFO] [net.neoforged.fml.loading.moddiscovery.ModDiscoverer/SCAN]: Found mod file "neoforge-21.0.167.jar" [locator: neoforge devenv provider ([Z:\Coding Projects\Fluidizationcraft\.gradle\repositories\ng_dummy_ng\net\neoforged\neoforge\21.0.167\neoforge-21.0.167.jar])]
[31Aug2024 20:56:31.640] [main/INFO] [net.neoforged.fml.loading.moddiscovery.ModDiscoverer/SCAN]: Found mod file "neoforge-21.0.167.jar" [locator: neoforge devenv provider ([Z:\Coding Projects\Fluidizationcraft\.gradle\repositories\ng_dummy_ng\net\neoforged\neoforge\21.0.167\neoforge-21.0.167.jar])]
[31Aug2024 20:56:31.669] [main/INFO] [net.neoforged.fml.loading.moddiscovery.ModDiscoverer/SCAN]: Found mod file "main" [locator: userdev mods and services, reader: mod manifest]
[31Aug2024 20:56:31.692] [main/INFO] [net.neoforged.fml.loading.moddiscovery.ModDiscoverer/SCAN]: Found mod file "neoforge-21.0.167.jar" [locator: userdev mods and services, reader: mod manifest]
[31Aug2024 20:56:31.739] [main/INFO] [net.neoforged.fml.loading.moddiscovery.ModDiscoverer/SCAN]: Found gamelibrary file "mixinextras-neoforge-0.3.5.jar" [locator: userdev mods and services, reader: mod manifest]
[31Aug2024 20:56:32.020] [main/WARN] [net.neoforged.jarjar.selection.JarSelector/]: Attempted to select a dependency jar for JarJar which was passed in as source: mixinextras-neoforge-0.3.5.jar. Using Mod File: C:\Users\Cliff\.gradle\caches\modules-2\files-2.1\io.github.llamalad7\mixinextras-neoforge\0.3.5\ef3ffcf309dae656517b2f120189b1c9b21737dd\mixinextras-neoforge-0.3.5.jar
[31Aug2024 20:56:32.020] [main/INFO] [net.neoforged.fml.loading.moddiscovery.locators.JarInJarDependencyLocator/]: No dependencies to load found. Skipping!
[31Aug2024 20:56:32.305] [main/INFO] [net.neoforged.fml.loading.FMLServiceProvider/CORE]: Loading coremod script-engine for [neoforge]
[31Aug2024 20:56:34.199] [main/INFO] [cpw.mods.modlauncher.LaunchServiceHandler/MODLAUNCHER]: Launching target 'forgeclientuserdev' with arguments [--version, 21.0.167, --gameDir, ., --assetsDir, C:\Users\Cliff\.gradle\caches\minecraft\assets\1.21, --assetIndex, asset-index]
[31Aug2024 20:56:36.909] [Datafixer Bootstrap/INFO] [com.mojang.datafixers.DataFixerBuilder/]: 229 Datafixer optimizations took 573 milliseconds
[31Aug2024 20:56:37.301] [main/WARN] [oshi.driver.windows.perfmon.PerfmonDisabled/]: Invalid registry value type detected for PerfOS counters. Should be REG_DWORD. Ignoring: HKEY_LOCAL_MACHINE\SYSTEM\CurrentControlSet\Services\PerfOS\Performance\Disable Performance Counters.
[31Aug2024 20:56:37.391] [pool-7-thread-1/INFO] [MixinExtras|Service/]: Initializing MixinExtras via com.llamalad7.mixinextras.service.MixinExtrasServiceImpl(version=0.3.5).
[31Aug2024 20:56:45.352] [main/WARN] [net.minecraft.commands.Commands/]: Ambiguity between arguments [teleport, location] and [teleport, destination] with inputs: [0.1 -0.5 .9, 0 0 0]
[31Aug2024 20:56:45.354] [main/WARN] [net.minecraft.commands.Commands/]: Ambiguity between arguments [teleport, location] and [teleport, targets] with inputs: [0.1 -0.5 .9, 0 0 0]
[31Aug2024 20:56:45.357] [main/WARN] [net.minecraft.commands.Commands/]: Ambiguity between arguments [teleport, destination] and [teleport, targets] with inputs: [Player, 0123, @e, dd12be42-52a9-4a91-a8a1-11c01849e498]
[31Aug2024 20:56:45.359] [main/WARN] [net.minecraft.commands.Commands/]: Ambiguity between arguments [teleport, targets] and [teleport, destination] with inputs: [Player, 0123, dd12be42-52a9-4a91-a8a1-11c01849e498]
[31Aug2024 20:56:45.362] [main/WARN] [net.minecraft.commands.Commands/]: Ambiguity between arguments [teleport, targets, location] and [teleport, targets, destination] with inputs: [0.1 -0.5 .9, 0 0 0]
[31Aug2024 20:56:45.548] [Render thread/WARN] [net.minecraft.server.packs.VanillaPackResourcesBuilder/]: Assets URL 'union:/Z:/Coding%20Projects/Fluidizationcraft/.gradle/repositories/ng_dummy_ng/net/neoforged/neoforge/21.0.167/neoforge-21.0.167.jar%23189!/assets/.mcassetsroot' uses unexpected schema
[31Aug2024 20:56:45.548] [Render thread/WARN] [net.minecraft.server.packs.VanillaPackResourcesBuilder/]: Assets URL 'union:/Z:/Coding%20Projects/Fluidizationcraft/.gradle/repositories/ng_dummy_ng/net/neoforged/neoforge/21.0.167/neoforge-21.0.167.jar%23189!/data/.mcassetsroot' uses unexpected schema
[31Aug2024 20:56:45.597] [Render thread/INFO] [com.mojang.authlib.yggdrasil.YggdrasilAuthenticationService/]: Environment: Environment[sessionHost=https://sessionserver.mojang.com, servicesHost=https://api.minecraftservices.com, name=PROD]
[31Aug2024 20:56:45.608] [Render thread/INFO] [net.minecraft.client.Minecraft/]: Setting user: Dev
[31Aug2024 20:56:45.782] [Render thread/INFO] [net.minecraft.client.Minecraft/]: Backend library: LWJGL version 3.3.3+5
[31Aug2024 20:56:46.210] [modloading-worker-0/INFO] [net.neoforged.neoforge.common.NeoForgeMod/NEOFORGE-MOD]: NeoForge mod loading, version 21.0.167, for MC 1.21
[31Aug2024 20:56:47.203] [Render thread/INFO] [net.neoforged.neoforge.gametest.GameTestHooks/]: Enabled Gametest Namespaces: []
[31Aug2024 20:56:47.365] [Render thread/INFO] [net.minecraft.server.packs.resources.ReloadableResourceManager/]: Reloading ResourceManager: vanilla, mod_resources, mod/fluidizationcraft, mod/neoforge
[31Aug2024 20:56:47.381] [Worker-Main-1/INFO] [com.omquark.fluidizationcraft.FluidizationCraft/]: HELLO FROM COMMON SETUP
[31Aug2024 20:56:47.381] [Worker-Main-1/INFO] [com.omquark.fluidizationcraft.FluidizationCraft/]: DIRT BLOCK >> minecraft:dirt
[31Aug2024 20:56:47.382] [Worker-Main-1/INFO] [com.omquark.fluidizationcraft.FluidizationCraft/]: The magic number is... 42
[31Aug2024 20:56:47.382] [Worker-Main-1/INFO] [com.omquark.fluidizationcraft.FluidizationCraft/]: ITEM >> minecraft:iron_ingot
[31Aug2024 20:56:47.590] [Worker-Main-13/INFO] [net.minecraft.client.gui.font.providers.UnihexProvider/]: Found unifont_all_no_pua-15.1.05.hex, loading
[31Aug2024 20:56:47.618] [Worker-Main-6/ERROR] [net.minecraft.Util/]: Invalid path in pack: fluidizationcraft:textures/block/acidBarrier.png, ignoring
[31Aug2024 20:56:47.620] [Worker-Main-6/ERROR] [net.minecraft.Util/]: Invalid path in pack: fluidizationcraft:textures/block/cryonite_frozen(1).png, ignoring
[31Aug2024 20:56:47.626] [Worker-Main-6/ERROR] [net.minecraft.Util/]: Invalid path in pack: fluidizationcraft:textures/block/glowCloth_acid.png, ignoring
[31Aug2024 20:56:47.627] [Worker-Main-6/ERROR] [net.minecraft.Util/]: Invalid path in pack: fluidizationcraft:textures/block/glowCloth_cryonite.png, ignoring
[31Aug2024 20:56:47.627] [Worker-Main-6/ERROR] [net.minecraft.Util/]: Invalid path in pack: fluidizationcraft:textures/block/glowCloth_neptunium.png, ignoring
[31Aug2024 20:56:47.628] [Worker-Main-6/ERROR] [net.minecraft.Util/]: Invalid path in pack: fluidizationcraft:textures/block/glowCloth_netherflow.png, ignoring
[31Aug2024 20:56:47.628] [Worker-Main-6/ERROR] [net.minecraft.Util/]: Invalid path in pack: fluidizationcraft:textures/block/glowCloth_obsidium.png, ignoring
[31Aug2024 20:56:47.629] [Worker-Main-6/ERROR] [net.minecraft.Util/]: Invalid path in pack: fluidizationcraft:textures/block/glowCloth_plutonium.png, ignoring
[31Aug2024 20:56:47.629] [Worker-Main-6/ERROR] [net.minecraft.Util/]: Invalid path in pack: fluidizationcraft:textures/block/glowCloth_radionite.png, ignoring
[31Aug2024 20:56:47.629] [Worker-Main-6/ERROR] [net.minecraft.Util/]: Invalid path in pack: fluidizationcraft:textures/block/glowCloth_uranium.png, ignoring
[31Aug2024 20:56:47.751] [Worker-Main-5/INFO] [net.minecraft.client.gui.font.providers.UnihexProvider/]: Found unifont_jp_patch-15.1.05.hex, loading
[31Aug2024 20:56:49.018] [Worker-Main-3/WARN] [net.minecraft.client.resources.model.BlockStateModelLoader/]: Exception loading blockstate definition: 'fluidizationcraft:blockstates/acid_block.json' missing model for variant: 'fluidizationcraft:acid_block#level=10'
[31Aug2024 20:56:49.019] [Worker-Main-3/WARN] [net.minecraft.client.resources.model.BlockStateModelLoader/]: Exception loading blockstate definition: 'fluidizationcraft:blockstates/acid_block.json' missing model for variant: 'fluidizationcraft:acid_block#level=11'
[31Aug2024 20:56:49.019] [Worker-Main-3/WARN] [net.minecraft.client.resources.model.BlockStateModelLoader/]: Exception loading blockstate definition: 'fluidizationcraft:blockstates/acid_block.json' missing model for variant: 'fluidizationcraft:acid_block#level=12'
[31Aug2024 20:56:49.019] [Worker-Main-3/WARN] [net.minecraft.client.resources.model.BlockStateModelLoader/]: Exception loading blockstate definition: 'fluidizationcraft:blockstates/acid_block.json' missing model for variant: 'fluidizationcraft:acid_block#level=13'
[31Aug2024 20:56:49.019] [Worker-Main-3/WARN] [net.minecraft.client.resources.model.BlockStateModelLoader/]: Exception loading blockstate definition: 'fluidizationcraft:blockstates/acid_block.json' missing model for variant: 'fluidizationcraft:acid_block#level=14'
[31Aug2024 20:56:49.019] [Worker-Main-3/WARN] [net.minecraft.client.resources.model.BlockStateModelLoader/]: Exception loading blockstate definition: 'fluidizationcraft:blockstates/acid_block.json' missing model for variant: 'fluidizationcraft:acid_block#level=15'
[31Aug2024 20:56:49.020] [Worker-Main-3/WARN] [net.minecraft.client.resources.model.BlockStateModelLoader/]: Exception loading blockstate definition: 'fluidizationcraft:blockstates/acid_block.json' missing model for variant: 'fluidizationcraft:acid_block#level=6'
[31Aug2024 20:56:49.020] [Worker-Main-3/WARN] [net.minecraft.client.resources.model.BlockStateModelLoader/]: Exception loading blockstate definition: 'fluidizationcraft:blockstates/acid_block.json' missing model for variant: 'fluidizationcraft:acid_block#level=7'
[31Aug2024 20:56:49.020] [Worker-Main-3/WARN] [net.minecraft.client.resources.model.BlockStateModelLoader/]: Exception loading blockstate definition: 'fluidizationcraft:blockstates/acid_block.json' missing model for variant: 'fluidizationcraft:acid_block#level=8'
[31Aug2024 20:56:49.020] [Worker-Main-3/WARN] [net.minecraft.client.resources.model.BlockStateModelLoader/]: Exception loading blockstate definition: 'fluidizationcraft:blockstates/acid_block.json' missing model for variant: 'fluidizationcraft:acid_block#level=9'
[31Aug2024 20:56:49.020] [Worker-Main-3/WARN] [net.minecraft.client.resources.model.BlockStateModelLoader/]: Exception loading blockstate definition: 'fluidizationcraft:blockstates/acid_block.json' missing model for variant: 'fluidizationcraft:acid_block#level=0'
[31Aug2024 20:56:49.020] [Worker-Main-3/WARN] [net.minecraft.client.resources.model.BlockStateModelLoader/]: Exception loading blockstate definition: 'fluidizationcraft:blockstates/acid_block.json' missing model for variant: 'fluidizationcraft:acid_block#level=1'
[31Aug2024 20:56:49.020] [Worker-Main-3/WARN] [net.minecraft.client.resources.model.BlockStateModelLoader/]: Exception loading blockstate definition: 'fluidizationcraft:blockstates/acid_block.json' missing model for variant: 'fluidizationcraft:acid_block#level=2'
[31Aug2024 20:56:49.020] [Worker-Main-3/WARN] [net.minecraft.client.resources.model.BlockStateModelLoader/]: Exception loading blockstate definition: 'fluidizationcraft:blockstates/acid_block.json' missing model for variant: 'fluidizationcraft:acid_block#level=3'
[31Aug2024 20:56:49.020] [Worker-Main-3/WARN] [net.minecraft.client.resources.model.BlockStateModelLoader/]: Exception loading blockstate definition: 'fluidizationcraft:blockstates/acid_block.json' missing model for variant: 'fluidizationcraft:acid_block#level=4'
[31Aug2024 20:56:49.021] [Worker-Main-3/WARN] [net.minecraft.client.resources.model.BlockStateModelLoader/]: Exception loading blockstate definition: 'fluidizationcraft:blockstates/acid_block.json' missing model for variant: 'fluidizationcraft:acid_block#level=5'
[31Aug2024 20:56:49.021] [Worker-Main-3/WARN] [net.minecraft.client.resources.model.BlockStateModelLoader/]: Exception loading blockstate definition: 'fluidizationcraft:blockstates/cryonite_block.json' missing model for variant: 'fluidizationcraft:cryonite_block#level=4'
[31Aug2024 20:56:49.021] [Worker-Main-3/WARN] [net.minecraft.client.resources.model.BlockStateModelLoader/]: Exception loading blockstate definition: 'fluidizationcraft:blockstates/cryonite_block.json' missing model for variant: 'fluidizationcraft:cryonite_block#level=5'
[31Aug2024 20:56:49.021] [Worker-Main-3/WARN] [net.minecraft.client.resources.model.BlockStateModelLoader/]: Exception loading blockstate definition: 'fluidizationcraft:blockstates/cryonite_block.json' missing model for variant: 'fluidizationcraft:cryonite_block#level=2'
[31Aug2024 20:56:49.021] [Worker-Main-3/WARN] [net.minecraft.client.resources.model.BlockStateModelLoader/]: Exception loading blockstate definition: 'fluidizationcraft:blockstates/cryonite_block.json' missing model for variant: 'fluidizationcraft:cryonite_block#level=3'
[31Aug2024 20:56:49.021] [Worker-Main-3/WARN] [net.minecraft.client.resources.model.BlockStateModelLoader/]: Exception loading blockstate definition: 'fluidizationcraft:blockstates/cryonite_block.json' missing model for variant: 'fluidizationcraft:cryonite_block#level=8'
[31Aug2024 20:56:49.021] [Worker-Main-3/WARN] [net.minecraft.client.resources.model.BlockStateModelLoader/]: Exception loading blockstate definition: 'fluidizationcraft:blockstates/cryonite_block.json' missing model for variant: 'fluidizationcraft:cryonite_block#level=9'
[31Aug2024 20:56:49.021] [Worker-Main-3/WARN] [net.minecraft.client.resources.model.BlockStateModelLoader/]: Exception loading blockstate definition: 'fluidizationcraft:blockstates/cryonite_block.json' missing model for variant: 'fluidizationcraft:cryonite_block#level=6'
[31Aug2024 20:56:49.021] [Worker-Main-3/WARN] [net.minecraft.client.resources.model.BlockStateModelLoader/]: Exception loading blockstate definition: 'fluidizationcraft:blockstates/cryonite_block.json' missing model for variant: 'fluidizationcraft:cryonite_block#level=7'
[31Aug2024 20:56:49.021] [Worker-Main-3/WARN] [net.minecraft.client.resources.model.BlockStateModelLoader/]: Exception loading blockstate definition: 'fluidizationcraft:blockstates/cryonite_block.json' missing model for variant: 'fluidizationcraft:cryonite_block#level=14'
[31Aug2024 20:56:49.022] [Worker-Main-3/WARN] [net.minecraft.client.resources.model.BlockStateModelLoader/]: Exception loading blockstate definition: 'fluidizationcraft:blockstates/cryonite_block.json' missing model for variant: 'fluidizationcraft:cryonite_block#level=13'
[31Aug2024 20:56:49.022] [Worker-Main-3/WARN] [net.minecraft.client.resources.model.BlockStateModelLoader/]: Exception loading blockstate definition: 'fluidizationcraft:blockstates/cryonite_block.json' missing model for variant: 'fluidizationcraft:cryonite_block#level=12'
[31Aug2024 20:56:49.022] [Worker-Main-3/WARN] [net.minecraft.client.resources.model.BlockStateModelLoader/]: Exception loading blockstate definition: 'fluidizationcraft:blockstates/cryonite_block.json' missing model for variant: 'fluidizationcraft:cryonite_block#level=11'
[31Aug2024 20:56:49.022] [Worker-Main-3/WARN] [net.minecraft.client.resources.model.BlockStateModelLoader/]: Exception loading blockstate definition: 'fluidizationcraft:blockstates/cryonite_block.json' missing model for variant: 'fluidizationcraft:cryonite_block#level=15'
[31Aug2024 20:56:49.022] [Worker-Main-3/WARN] [net.minecraft.client.resources.model.BlockStateModelLoader/]: Exception loading blockstate definition: 'fluidizationcraft:blockstates/cryonite_block.json' missing model for variant: 'fluidizationcraft:cryonite_block#level=10'
[31Aug2024 20:56:49.022] [Worker-Main-3/WARN] [net.minecraft.client.resources.model.BlockStateModelLoader/]: Exception loading blockstate definition: 'fluidizationcraft:blockstates/cryonite_block.json' missing model for variant: 'fluidizationcraft:cryonite_block#level=0'
[31Aug2024 20:56:49.022] [Worker-Main-3/WARN] [net.minecraft.client.resources.model.BlockStateModelLoader/]: Exception loading blockstate definition: 'fluidizationcraft:blockstates/cryonite_block.json' missing model for variant: 'fluidizationcraft:cryonite_block#level=1'
[31Aug2024 20:56:49.022] [Worker-Main-3/WARN] [net.minecraft.client.resources.model.BlockStateModelLoader/]: Exception loading blockstate definition: 'fluidizationcraft:blockstates/neptunium_fluid_block.json' missing model for variant: 'fluidizationcraft:neptunium_fluid_block#level=12'
[31Aug2024 20:56:49.022] [Worker-Main-3/WARN] [net.minecraft.client.resources.model.BlockStateModelLoader/]: Exception loading blockstate definition: 'fluidizationcraft:blockstates/neptunium_fluid_block.json' missing model for variant: 'fluidizationcraft:neptunium_fluid_block#level=13'
[31Aug2024 20:56:49.022] [Worker-Main-3/WARN] [net.minecraft.client.resources.model.BlockStateModelLoader/]: Exception loading blockstate definition: 'fluidizationcraft:blockstates/neptunium_fluid_block.json' missing model for variant: 'fluidizationcraft:neptunium_fluid_block#level=10'
[31Aug2024 20:56:49.022] [Worker-Main-3/WARN] [net.minecraft.client.resources.model.BlockStateModelLoader/]: Exception loading blockstate definition: 'fluidizationcraft:blockstates/neptunium_fluid_block.json' missing model for variant: 'fluidizationcraft:neptunium_fluid_block#level=11'
[31Aug2024 20:56:49.023] [Worker-Main-3/WARN] [net.minecraft.client.resources.model.BlockStateModelLoader/]: Exception loading blockstate definition: 'fluidizationcraft:blockstates/neptunium_fluid_block.json' missing model for variant: 'fluidizationcraft:neptunium_fluid_block#level=0'
[31Aug2024 20:56:49.023] [Worker-Main-3/WARN] [net.minecraft.client.resources.model.BlockStateModelLoader/]: Exception loading blockstate definition: 'fluidizationcraft:blockstates/neptunium_fluid_block.json' missing model for variant: 'fluidizationcraft:neptunium_fluid_block#level=14'
[31Aug2024 20:56:49.023] [Worker-Main-3/WARN] [net.minecraft.client.resources.model.BlockStateModelLoader/]: Exception loading blockstate definition: 'fluidizationcraft:blockstates/neptunium_fluid_block.json' missing model for variant: 'fluidizationcraft:neptunium_fluid_block#level=15'
[31Aug2024 20:56:49.023] [Worker-Main-3/WARN] [net.minecraft.client.resources.model.BlockStateModelLoader/]: Exception loading blockstate definition: 'fluidizationcraft:blockstates/neptunium_fluid_block.json' missing model for variant: 'fluidizationcraft:neptunium_fluid_block#level=3'
[31Aug2024 20:56:49.023] [Worker-Main-3/WARN] [net.minecraft.client.resources.model.BlockStateModelLoader/]: Exception loading blockstate definition: 'fluidizationcraft:blockstates/neptunium_fluid_block.json' missing model for variant: 'fluidizationcraft:neptunium_fluid_block#level=4'
[31Aug2024 20:56:49.023] [Worker-Main-3/WARN] [net.minecraft.client.resources.model.BlockStateModelLoader/]: Exception loading blockstate definition: 'fluidizationcraft:blockstates/neptunium_fluid_block.json' missing model for variant: 'fluidizationcraft:neptunium_fluid_block#level=1'
[31Aug2024 20:56:49.023] [Worker-Main-3/WARN] [net.minecraft.client.resources.model.BlockStateModelLoader/]: Exception loading blockstate definition: 'fluidizationcraft:blockstates/neptunium_fluid_block.json' missing model for variant: 'fluidizationcraft:neptunium_fluid_block#level=2'
[31Aug2024 20:56:49.023] [Worker-Main-3/WARN] [net.minecraft.client.resources.model.BlockStateModelLoader/]: Exception loading blockstate definition: 'fluidizationcraft:blockstates/neptunium_fluid_block.json' missing model for variant: 'fluidizationcraft:neptunium_fluid_block#level=7'
[31Aug2024 20:56:49.023] [Worker-Main-3/WARN] [net.minecraft.client.resources.model.BlockStateModelLoader/]: Exception loading blockstate definition: 'fluidizationcraft:blockstates/neptunium_fluid_block.json' missing model for variant: 'fluidizationcraft:neptunium_fluid_block#level=8'
[31Aug2024 20:56:49.023] [Worker-Main-3/WARN] [net.minecraft.client.resources.model.BlockStateModelLoader/]: Exception loading blockstate definition: 'fluidizationcraft:blockstates/neptunium_fluid_block.json' missing model for variant: 'fluidizationcraft:neptunium_fluid_block#level=5'
[31Aug2024 20:56:49.024] [Worker-Main-3/WARN] [net.minecraft.client.resources.model.BlockStateModelLoader/]: Exception loading blockstate definition: 'fluidizationcraft:blockstates/neptunium_fluid_block.json' missing model for variant: 'fluidizationcraft:neptunium_fluid_block#level=6'
[31Aug2024 20:56:49.024] [Worker-Main-3/WARN] [net.minecraft.client.resources.model.BlockStateModelLoader/]: Exception loading blockstate definition: 'fluidizationcraft:blockstates/neptunium_fluid_block.json' missing model for variant: 'fluidizationcraft:neptunium_fluid_block#level=9'
[31Aug2024 20:56:49.024] [Worker-Main-3/WARN] [net.minecraft.client.resources.model.BlockStateModelLoader/]: Exception loading blockstate definition: 'fluidizationcraft:blockstates/netherflow_fluid_block.json' missing model for variant: 'fluidizationcraft:netherflow_fluid_block#level=10'
[31Aug2024 20:56:49.024] [Worker-Main-3/WARN] [net.minecraft.client.resources.model.BlockStateModelLoader/]: Exception loading blockstate definition: 'fluidizationcraft:blockstates/netherflow_fluid_block.json' missing model for variant: 'fluidizationcraft:netherflow_fluid_block#level=0'
[31Aug2024 20:56:49.024] [Worker-Main-3/WARN] [net.minecraft.client.resources.model.BlockStateModelLoader/]: Exception loading blockstate definition: 'fluidizationcraft:blockstates/netherflow_fluid_block.json' missing model for variant: 'fluidizationcraft:netherflow_fluid_block#level=1'
[31Aug2024 20:56:49.024] [Worker-Main-3/WARN] [net.minecraft.client.resources.model.BlockStateModelLoader/]: Exception loading blockstate definition: 'fluidizationcraft:blockstates/netherflow_fluid_block.json' missing model for variant: 'fluidizationcraft:netherflow_fluid_block#level=2'
[31Aug2024 20:56:49.024] [Worker-Main-3/WARN] [net.minecraft.client.resources.model.BlockStateModelLoader/]: Exception loading blockstate definition: 'fluidizationcraft:blockstates/netherflow_fluid_block.json' missing model for variant: 'fluidizationcraft:netherflow_fluid_block#level=3'
[31Aug2024 20:56:49.025] [Worker-Main-3/WARN] [net.minecraft.client.resources.model.BlockStateModelLoader/]: Exception loading blockstate definition: 'fluidizationcraft:blockstates/netherflow_fluid_block.json' missing model for variant: 'fluidizationcraft:netherflow_fluid_block#level=4'
[31Aug2024 20:56:49.025] [Worker-Main-3/WARN] [net.minecraft.client.resources.model.BlockStateModelLoader/]: Exception loading blockstate definition: 'fluidizationcraft:blockstates/netherflow_fluid_block.json' missing model for variant: 'fluidizationcraft:netherflow_fluid_block#level=5'
[31Aug2024 20:56:49.025] [Worker-Main-3/WARN] [net.minecraft.client.resources.model.BlockStateModelLoader/]: Exception loading blockstate definition: 'fluidizationcraft:blockstates/netherflow_fluid_block.json' missing model for variant: 'fluidizationcraft:netherflow_fluid_block#level=6'
[31Aug2024 20:56:49.025] [Worker-Main-3/WARN] [net.minecraft.client.resources.model.BlockStateModelLoader/]: Exception loading blockstate definition: 'fluidizationcraft:blockstates/netherflow_fluid_block.json' missing model for variant: 'fluidizationcraft:netherflow_fluid_block#level=7'
[31Aug2024 20:56:49.025] [Worker-Main-3/WARN] [net.minecraft.client.resources.model.BlockStateModelLoader/]: Exception loading blockstate definition: 'fluidizationcraft:blockstates/netherflow_fluid_block.json' missing model for variant: 'fluidizationcraft:netherflow_fluid_block#level=8'
[31Aug2024 20:56:49.025] [Worker-Main-3/WARN] [net.minecraft.client.resources.model.BlockStateModelLoader/]: Exception loading blockstate definition: 'fluidizationcraft:blockstates/netherflow_fluid_block.json' missing model for variant: 'fluidizationcraft:netherflow_fluid_block#level=9'
[31Aug2024 20:56:49.025] [Worker-Main-3/WARN] [net.minecraft.client.resources.model.BlockStateModelLoader/]: Exception loading blockstate definition: 'fluidizationcraft:blockstates/netherflow_fluid_block.json' missing model for variant: 'fluidizationcraft:netherflow_fluid_block#level=12'
[31Aug2024 20:56:49.026] [Worker-Main-3/WARN] [net.minecraft.client.resources.model.BlockStateModelLoader/]: Exception loading blockstate definition: 'fluidizationcraft:blockstates/netherflow_fluid_block.json' missing model for variant: 'fluidizationcraft:netherflow_fluid_block#level=11'
[31Aug2024 20:56:49.026] [Worker-Main-3/WARN] [net.minecraft.client.resources.model.BlockStateModelLoader/]: Exception loading blockstate definition: 'fluidizationcraft:blockstates/netherflow_fluid_block.json' missing model for variant: 'fluidizationcraft:netherflow_fluid_block#level=14'
[31Aug2024 20:56:49.026] [Worker-Main-3/WARN] [net.minecraft.client.resources.model.BlockStateModelLoader/]: Exception loading blockstate definition: 'fluidizationcraft:blockstates/netherflow_fluid_block.json' missing model for variant: 'fluidizationcraft:netherflow_fluid_block#level=13'
[31Aug2024 20:56:49.026] [Worker-Main-3/WARN] [net.minecraft.client.resources.model.BlockStateModelLoader/]: Exception loading blockstate definition: 'fluidizationcraft:blockstates/netherflow_fluid_block.json' missing model for variant: 'fluidizationcraft:netherflow_fluid_block#level=15'
[31Aug2024 20:56:49.026] [Worker-Main-3/WARN] [net.minecraft.client.resources.model.BlockStateModelLoader/]: Exception loading blockstate definition: 'fluidizationcraft:blockstates/plutonium_fluid_block.json' missing model for variant: 'fluidizationcraft:plutonium_fluid_block#level=5'
[31Aug2024 20:56:49.026] [Worker-Main-3/WARN] [net.minecraft.client.resources.model.BlockStateModelLoader/]: Exception loading blockstate definition: 'fluidizationcraft:blockstates/plutonium_fluid_block.json' missing model for variant: 'fluidizationcraft:plutonium_fluid_block#level=6'
[31Aug2024 20:56:49.027] [Worker-Main-3/WARN] [net.minecraft.client.resources.model.BlockStateModelLoader/]: Exception loading blockstate definition: 'fluidizationcraft:blockstates/plutonium_fluid_block.json' missing model for variant: 'fluidizationcraft:plutonium_fluid_block#level=3'
[31Aug2024 20:56:49.027] [Worker-Main-3/WARN] [net.minecraft.client.resources.model.BlockStateModelLoader/]: Exception loading blockstate definition: 'fluidizationcraft:blockstates/plutonium_fluid_block.json' missing model for variant: 'fluidizationcraft:plutonium_fluid_block#level=4'
[31Aug2024 20:56:49.027] [Worker-Main-3/WARN] [net.minecraft.client.resources.model.BlockStateModelLoader/]: Exception loading blockstate definition: 'fluidizationcraft:blockstates/plutonium_fluid_block.json' missing model for variant: 'fluidizationcraft:plutonium_fluid_block#level=9'
[31Aug2024 20:56:49.027] [Worker-Main-3/WARN] [net.minecraft.client.resources.model.BlockStateModelLoader/]: Exception loading blockstate definition: 'fluidizationcraft:blockstates/plutonium_fluid_block.json' missing model for variant: 'fluidizationcraft:plutonium_fluid_block#level=10'
[31Aug2024 20:56:49.027] [Worker-Main-3/WARN] [net.minecraft.client.resources.model.BlockStateModelLoader/]: Exception loading blockstate definition: 'fluidizationcraft:blockstates/plutonium_fluid_block.json' missing model for variant: 'fluidizationcraft:plutonium_fluid_block#level=11'
[31Aug2024 20:56:49.028] [Worker-Main-3/WARN] [net.minecraft.client.resources.model.BlockStateModelLoader/]: Exception loading blockstate definition: 'fluidizationcraft:blockstates/plutonium_fluid_block.json' missing model for variant: 'fluidizationcraft:plutonium_fluid_block#level=7'
[31Aug2024 20:56:49.028] [Worker-Main-3/WARN] [net.minecraft.client.resources.model.BlockStateModelLoader/]: Exception loading blockstate definition: 'fluidizationcraft:blockstates/plutonium_fluid_block.json' missing model for variant: 'fluidizationcraft:plutonium_fluid_block#level=8'
[31Aug2024 20:56:49.028] [Worker-Main-3/WARN] [net.minecraft.client.resources.model.BlockStateModelLoader/]: Exception loading blockstate definition: 'fluidizationcraft:blockstates/plutonium_fluid_block.json' missing model for variant: 'fluidizationcraft:plutonium_fluid_block#level=14'
[31Aug2024 20:56:49.028] [Worker-Main-3/WARN] [net.minecraft.client.resources.model.BlockStateModelLoader/]: Exception loading blockstate definition: 'fluidizationcraft:blockstates/plutonium_fluid_block.json' missing model for variant: 'fluidizationcraft:plutonium_fluid_block#level=15'
[31Aug2024 20:56:49.028] [Worker-Main-3/WARN] [net.minecraft.client.resources.model.BlockStateModelLoader/]: Exception loading blockstate definition: 'fluidizationcraft:blockstates/plutonium_fluid_block.json' missing model for variant: 'fluidizationcraft:plutonium_fluid_block#level=12'
[31Aug2024 20:56:49.028] [Worker-Main-3/WARN] [net.minecraft.client.resources.model.BlockStateModelLoader/]: Exception loading blockstate definition: 'fluidizationcraft:blockstates/plutonium_fluid_block.json' missing model for variant: 'fluidizationcraft:plutonium_fluid_block#level=13'
[31Aug2024 20:56:49.028] [Worker-Main-3/WARN] [net.minecraft.client.resources.model.BlockStateModelLoader/]: Exception loading blockstate definition: 'fluidizationcraft:blockstates/plutonium_fluid_block.json' missing model for variant: 'fluidizationcraft:plutonium_fluid_block#level=1'
[31Aug2024 20:56:49.028] [Worker-Main-3/WARN] [net.minecraft.client.resources.model.BlockStateModelLoader/]: Exception loading blockstate definition: 'fluidizationcraft:blockstates/plutonium_fluid_block.json' missing model for variant: 'fluidizationcraft:plutonium_fluid_block#level=2'
[31Aug2024 20:56:49.028] [Worker-Main-3/WARN] [net.minecraft.client.resources.model.BlockStateModelLoader/]: Exception loading blockstate definition: 'fluidizationcraft:blockstates/plutonium_fluid_block.json' missing model for variant: 'fluidizationcraft:plutonium_fluid_block#level=0'
[31Aug2024 20:56:49.028] [Worker-Main-3/WARN] [net.minecraft.client.resources.model.BlockStateModelLoader/]: Exception loading blockstate definition: 'fluidizationcraft:blockstates/pyronite_fluid_block.json' missing model for variant: 'fluidizationcraft:pyronite_fluid_block#level=3'
[31Aug2024 20:56:49.028] [Worker-Main-3/WARN] [net.minecraft.client.resources.model.BlockStateModelLoader/]: Exception loading blockstate definition: 'fluidizationcraft:blockstates/pyronite_fluid_block.json' missing model for variant: 'fluidizationcraft:pyronite_fluid_block#level=2'
[31Aug2024 20:56:49.029] [Worker-Main-3/WARN] [net.minecraft.client.resources.model.BlockStateModelLoader/]: Exception loading blockstate definition: 'fluidizationcraft:blockstates/pyronite_fluid_block.json' missing model for variant: 'fluidizationcraft:pyronite_fluid_block#level=5'
[31Aug2024 20:56:49.029] [Worker-Main-3/WARN] [net.minecraft.client.resources.model.BlockStateModelLoader/]: Exception loading blockstate definition: 'fluidizationcraft:blockstates/pyronite_fluid_block.json' missing model for variant: 'fluidizationcraft:pyronite_fluid_block#level=4'
[31Aug2024 20:56:49.029] [Worker-Main-3/WARN] [net.minecraft.client.resources.model.BlockStateModelLoader/]: Exception loading blockstate definition: 'fluidizationcraft:blockstates/pyronite_fluid_block.json' missing model for variant: 'fluidizationcraft:pyronite_fluid_block#level=1'
[31Aug2024 20:56:49.029] [Worker-Main-3/WARN] [net.minecraft.client.resources.model.BlockStateModelLoader/]: Exception loading blockstate definition: 'fluidizationcraft:blockstates/pyronite_fluid_block.json' missing model for variant: 'fluidizationcraft:pyronite_fluid_block#level=15'
[31Aug2024 20:56:49.029] [Worker-Main-3/WARN] [net.minecraft.client.resources.model.BlockStateModelLoader/]: Exception loading blockstate definition: 'fluidizationcraft:blockstates/pyronite_fluid_block.json' missing model for variant: 'fluidizationcraft:pyronite_fluid_block#level=0'
[31Aug2024 20:56:49.029] [Worker-Main-3/WARN] [net.minecraft.client.resources.model.BlockStateModelLoader/]: Exception loading blockstate definition: 'fluidizationcraft:blockstates/pyronite_fluid_block.json' missing model for variant: 'fluidizationcraft:pyronite_fluid_block#level=13'
[31Aug2024 20:56:49.029] [Worker-Main-3/WARN] [net.minecraft.client.resources.model.BlockStateModelLoader/]: Exception loading blockstate definition: 'fluidizationcraft:blockstates/pyronite_fluid_block.json' missing model for variant: 'fluidizationcraft:pyronite_fluid_block#level=14'
[31Aug2024 20:56:49.029] [Worker-Main-3/WARN] [net.minecraft.client.resources.model.BlockStateModelLoader/]: Exception loading blockstate definition: 'fluidizationcraft:blockstates/pyronite_fluid_block.json' missing model for variant: 'fluidizationcraft:pyronite_fluid_block#level=11'
[31Aug2024 20:56:49.030] [Worker-Main-3/WARN] [net.minecraft.client.resources.model.BlockStateModelLoader/]: Exception loading blockstate definition: 'fluidizationcraft:blockstates/pyronite_fluid_block.json' missing model for variant: 'fluidizationcraft:pyronite_fluid_block#level=12'
[31Aug2024 20:56:49.030] [Worker-Main-3/WARN] [net.minecraft.client.resources.model.BlockStateModelLoader/]: Exception loading blockstate definition: 'fluidizationcraft:blockstates/pyronite_fluid_block.json' missing model for variant: 'fluidizationcraft:pyronite_fluid_block#level=7'
[31Aug2024 20:56:49.030] [Worker-Main-3/WARN] [net.minecraft.client.resources.model.BlockStateModelLoader/]: Exception loading blockstate definition: 'fluidizationcraft:blockstates/pyronite_fluid_block.json' missing model for variant: 'fluidizationcraft:pyronite_fluid_block#level=6'
[31Aug2024 20:56:49.030] [Worker-Main-3/WARN] [net.minecraft.client.resources.model.BlockStateModelLoader/]: Exception loading blockstate definition: 'fluidizationcraft:blockstates/pyronite_fluid_block.json' missing model for variant: 'fluidizationcraft:pyronite_fluid_block#level=10'
[31Aug2024 20:56:49.030] [Worker-Main-3/WARN] [net.minecraft.client.resources.model.BlockStateModelLoader/]: Exception loading blockstate definition: 'fluidizationcraft:blockstates/pyronite_fluid_block.json' missing model for variant: 'fluidizationcraft:pyronite_fluid_block#level=9'
[31Aug2024 20:56:49.030] [Worker-Main-3/WARN] [net.minecraft.client.resources.model.BlockStateModelLoader/]: Exception loading blockstate definition: 'fluidizationcraft:blockstates/pyronite_fluid_block.json' missing model for variant: 'fluidizationcraft:pyronite_fluid_block#level=8'
[31Aug2024 20:56:49.031] [Worker-Main-3/WARN] [net.minecraft.client.resources.model.BlockStateModelLoader/]: Exception loading blockstate definition: 'fluidizationcraft:blockstates/radionite_fluid_block.json' missing model for variant: 'fluidizationcraft:radionite_fluid_block#level=3'
[31Aug2024 20:56:49.031] [Worker-Main-3/WARN] [net.minecraft.client.resources.model.BlockStateModelLoader/]: Exception loading blockstate definition: 'fluidizationcraft:blockstates/radionite_fluid_block.json' missing model for variant: 'fluidizationcraft:radionite_fluid_block#level=4'
[31Aug2024 20:56:49.031] [Worker-Main-3/WARN] [net.minecraft.client.resources.model.BlockStateModelLoader/]: Exception loading blockstate definition: 'fluidizationcraft:blockstates/radionite_fluid_block.json' missing model for variant: 'fluidizationcraft:radionite_fluid_block#level=5'
[31Aug2024 20:56:49.031] [Worker-Main-3/WARN] [net.minecraft.client.resources.model.BlockStateModelLoader/]: Exception loading blockstate definition: 'fluidizationcraft:blockstates/radionite_fluid_block.json' missing model for variant: 'fluidizationcraft:radionite_fluid_block#level=6'
[31Aug2024 20:56:49.031] [Worker-Main-3/WARN] [net.minecraft.client.resources.model.BlockStateModelLoader/]: Exception loading blockstate definition: 'fluidizationcraft:blockstates/radionite_fluid_block.json' missing model for variant: 'fluidizationcraft:radionite_fluid_block#level=7'
[31Aug2024 20:56:49.031] [Worker-Main-3/WARN] [net.minecraft.client.resources.model.BlockStateModelLoader/]: Exception loading blockstate definition: 'fluidizationcraft:blockstates/radionite_fluid_block.json' missing model for variant: 'fluidizationcraft:radionite_fluid_block#level=8'
[31Aug2024 20:56:49.031] [Worker-Main-3/WARN] [net.minecraft.client.resources.model.BlockStateModelLoader/]: Exception loading blockstate definition: 'fluidizationcraft:blockstates/radionite_fluid_block.json' missing model for variant: 'fluidizationcraft:radionite_fluid_block#level=9'
[31Aug2024 20:56:49.031] [Worker-Main-3/WARN] [net.minecraft.client.resources.model.BlockStateModelLoader/]: Exception loading blockstate definition: 'fluidizationcraft:blockstates/radionite_fluid_block.json' missing model for variant: 'fluidizationcraft:radionite_fluid_block#level=10'
[31Aug2024 20:56:49.032] [Worker-Main-3/WARN] [net.minecraft.client.resources.model.BlockStateModelLoader/]: Exception loading blockstate definition: 'fluidizationcraft:blockstates/radionite_fluid_block.json' missing model for variant: 'fluidizationcraft:radionite_fluid_block#level=11'
[31Aug2024 20:56:49.032] [Worker-Main-3/WARN] [net.minecraft.client.resources.model.BlockStateModelLoader/]: Exception loading blockstate definition: 'fluidizationcraft:blockstates/radionite_fluid_block.json' missing model for variant: 'fluidizationcraft:radionite_fluid_block#level=12'
[31Aug2024 20:56:49.032] [Worker-Main-3/WARN] [net.minecraft.client.resources.model.BlockStateModelLoader/]: Exception loading blockstate definition: 'fluidizationcraft:blockstates/radionite_fluid_block.json' missing model for variant: 'fluidizationcraft:radionite_fluid_block#level=13'
[31Aug2024 20:56:49.032] [Worker-Main-3/WARN] [net.minecraft.client.resources.model.BlockStateModelLoader/]: Exception loading blockstate definition: 'fluidizationcraft:blockstates/radionite_fluid_block.json' missing model for variant: 'fluidizationcraft:radionite_fluid_block#level=14'
[31Aug2024 20:56:49.032] [Worker-Main-3/WARN] [net.minecraft.client.resources.model.BlockStateModelLoader/]: Exception loading blockstate definition: 'fluidizationcraft:blockstates/radionite_fluid_block.json' missing model for variant: 'fluidizationcraft:radionite_fluid_block#level=15'
[31Aug2024 20:56:49.032] [Worker-Main-3/WARN] [net.minecraft.client.resources.model.BlockStateModelLoader/]: Exception loading blockstate definition: 'fluidizationcraft:blockstates/radionite_fluid_block.json' missing model for variant: 'fluidizationcraft:radionite_fluid_block#level=0'
[31Aug2024 20:56:49.032] [Worker-Main-3/WARN] [net.minecraft.client.resources.model.BlockStateModelLoader/]: Exception loading blockstate definition: 'fluidizationcraft:blockstates/radionite_fluid_block.json' missing model for variant: 'fluidizationcraft:radionite_fluid_block#level=1'
[31Aug2024 20:56:49.033] [Worker-Main-3/WARN] [net.minecraft.client.resources.model.BlockStateModelLoader/]: Exception loading blockstate definition: 'fluidizationcraft:blockstates/radionite_fluid_block.json' missing model for variant: 'fluidizationcraft:radionite_fluid_block#level=2'
[31Aug2024 20:56:49.033] [Worker-Main-3/WARN] [net.minecraft.client.resources.model.BlockStateModelLoader/]: Exception loading blockstate definition: 'fluidizationcraft:blockstates/uranium_fluid_block.json' missing model for variant: 'fluidizationcraft:uranium_fluid_block#level=4'
[31Aug2024 20:56:49.033] [Worker-Main-3/WARN] [net.minecraft.client.resources.model.BlockStateModelLoader/]: Exception loading blockstate definition: 'fluidizationcraft:blockstates/uranium_fluid_block.json' missing model for variant: 'fluidizationcraft:uranium_fluid_block#level=3'
[31Aug2024 20:56:49.033] [Worker-Main-3/WARN] [net.minecraft.client.resources.model.BlockStateModelLoader/]: Exception loading blockstate definition: 'fluidizationcraft:blockstates/uranium_fluid_block.json' missing model for variant: 'fluidizationcraft:uranium_fluid_block#level=6'
[31Aug2024 20:56:49.033] [Worker-Main-3/WARN] [net.minecraft.client.resources.model.BlockStateModelLoader/]: Exception loading blockstate definition: 'fluidizationcraft:blockstates/uranium_fluid_block.json' missing model for variant: 'fluidizationcraft:uranium_fluid_block#level=5'
[31Aug2024 20:56:49.033] [Worker-Main-3/WARN] [net.minecraft.client.resources.model.BlockStateModelLoader/]: Exception loading blockstate definition: 'fluidizationcraft:blockstates/uranium_fluid_block.json' missing model for variant: 'fluidizationcraft:uranium_fluid_block#level=8'
[31Aug2024 20:56:49.033] [Worker-Main-3/WARN] [net.minecraft.client.resources.model.BlockStateModelLoader/]: Exception loading blockstate definition: 'fluidizationcraft:blockstates/uranium_fluid_block.json' missing model for variant: 'fluidizationcraft:uranium_fluid_block#level=7'
[31Aug2024 20:56:49.033] [Worker-Main-3/WARN] [net.minecraft.client.resources.model.BlockStateModelLoader/]: Exception loading blockstate definition: 'fluidizationcraft:blockstates/uranium_fluid_block.json' missing model for variant: 'fluidizationcraft:uranium_fluid_block#level=9'
[31Aug2024 20:56:49.034] [Worker-Main-3/WARN] [net.minecraft.client.resources.model.BlockStateModelLoader/]: Exception loading blockstate definition: 'fluidizationcraft:blockstates/uranium_fluid_block.json' missing model for variant: 'fluidizationcraft:uranium_fluid_block#level=14'
[31Aug2024 20:56:49.034] [Worker-Main-3/WARN] [net.minecraft.client.resources.model.BlockStateModelLoader/]: Exception loading blockstate definition: 'fluidizationcraft:blockstates/uranium_fluid_block.json' missing model for variant: 'fluidizationcraft:uranium_fluid_block#level=15'
[31Aug2024 20:56:49.034] [Worker-Main-3/WARN] [net.minecraft.client.resources.model.BlockStateModelLoader/]: Exception loading blockstate definition: 'fluidizationcraft:blockstates/uranium_fluid_block.json' missing model for variant: 'fluidizationcraft:uranium_fluid_block#level=12'
[31Aug2024 20:56:49.034] [Worker-Main-3/WARN] [net.minecraft.client.resources.model.BlockStateModelLoader/]: Exception loading blockstate definition: 'fluidizationcraft:blockstates/uranium_fluid_block.json' missing model for variant: 'fluidizationcraft:uranium_fluid_block#level=13'
[31Aug2024 20:56:49.034] [Worker-Main-3/WARN] [net.minecraft.client.resources.model.BlockStateModelLoader/]: Exception loading blockstate definition: 'fluidizationcraft:blockstates/uranium_fluid_block.json' missing model for variant: 'fluidizationcraft:uranium_fluid_block#level=10'
[31Aug2024 20:56:49.034] [Worker-Main-3/WARN] [net.minecraft.client.resources.model.BlockStateModelLoader/]: Exception loading blockstate definition: 'fluidizationcraft:blockstates/uranium_fluid_block.json' missing model for variant: 'fluidizationcraft:uranium_fluid_block#level=11'
[31Aug2024 20:56:49.034] [Worker-Main-3/WARN] [net.minecraft.client.resources.model.BlockStateModelLoader/]: Exception loading blockstate definition: 'fluidizationcraft:blockstates/uranium_fluid_block.json' missing model for variant: 'fluidizationcraft:uranium_fluid_block#level=0'
[31Aug2024 20:56:49.034] [Worker-Main-3/WARN] [net.minecraft.client.resources.model.BlockStateModelLoader/]: Exception loading blockstate definition: 'fluidizationcraft:blockstates/uranium_fluid_block.json' missing model for variant: 'fluidizationcraft:uranium_fluid_block#level=2'
[31Aug2024 20:56:49.035] [Worker-Main-3/WARN] [net.minecraft.client.resources.model.BlockStateModelLoader/]: Exception loading blockstate definition: 'fluidizationcraft:blockstates/uranium_fluid_block.json' missing model for variant: 'fluidizationcraft:uranium_fluid_block#level=1'
[31Aug2024 20:56:49.037] [Worker-Main-3/WARN] [net.minecraft.client.resources.model.ModelBakery/]: Unable to load model: 'fluidizationcraft:item/bucket_radionite' referenced from: fluidizationcraft:item/bucket_radionite: java.io.FileNotFoundException: fluidizationcraft:models/item/bucket_radionite.json
[31Aug2024 20:56:49.038] [Worker-Main-3/WARN] [net.minecraft.client.resources.model.ModelBakery/]: Unable to load model: 'fluidizationcraft:item/radionite_fluid_block' referenced from: fluidizationcraft:item/radionite_fluid_block: java.io.FileNotFoundException: fluidizationcraft:models/item/radionite_fluid_block.json
[31Aug2024 20:56:49.038] [Worker-Main-3/WARN] [net.minecraft.client.resources.model.ModelBakery/]: Unable to load model: 'fluidizationcraft:item/bucket_neptunium' referenced from: fluidizationcraft:item/bucket_neptunium: java.io.FileNotFoundException: fluidizationcraft:models/item/bucket_neptunium.json
[31Aug2024 20:56:49.039] [Worker-Main-3/WARN] [net.minecraft.client.resources.model.ModelBakery/]: Unable to load model: 'fluidizationcraft:item/acid_block' referenced from: fluidizationcraft:item/acid_block: java.io.FileNotFoundException: fluidizationcraft:models/item/acid_block.json
[31Aug2024 20:56:49.039] [Worker-Main-3/WARN] [net.minecraft.client.resources.model.ModelBakery/]: Unable to load model: 'fluidizationcraft:item/bucket_plutonium' referenced from: fluidizationcraft:item/bucket_plutonium: java.io.FileNotFoundException: fluidizationcraft:models/item/bucket_plutonium.json
[31Aug2024 20:56:49.039] [Worker-Main-3/WARN] [net.minecraft.client.resources.model.ModelBakery/]: Unable to load model: 'fluidizationcraft:item/bucket_netherflow' referenced from: fluidizationcraft:item/bucket_netherflow: java.io.FileNotFoundException: fluidizationcraft:models/item/bucket_netherflow.json
[31Aug2024 20:56:49.039] [Worker-Main-3/WARN] [net.minecraft.client.resources.model.ModelBakery/]: Unable to load model: 'fluidizationcraft:item/netherflow_fluid_block' referenced from: fluidizationcraft:item/netherflow_fluid_block: java.io.FileNotFoundException: fluidizationcraft:models/item/netherflow_fluid_block.json
[31Aug2024 20:56:49.040] [Worker-Main-3/WARN] [net.minecraft.client.resources.model.ModelBakery/]: Unable to load model: 'fluidizationcraft:item/neptunium_fluid_block' referenced from: fluidizationcraft:item/neptunium_fluid_block: java.io.FileNotFoundException: fluidizationcraft:models/item/neptunium_fluid_block.json
[31Aug2024 20:56:49.041] [Worker-Main-3/WARN] [net.minecraft.client.resources.model.ModelBakery/]: Unable to load model: 'fluidizationcraft:item/bucket_uranium' referenced from: fluidizationcraft:item/bucket_uranium: java.io.FileNotFoundException: fluidizationcraft:models/item/bucket_uranium.json
[31Aug2024 20:56:49.042] [Worker-Main-3/WARN] [net.minecraft.client.resources.model.ModelBakery/]: Unable to load model: 'fluidizationcraft:item/bucket_cryonite' referenced from: fluidizationcraft:item/bucket_cryonite: java.io.FileNotFoundException: fluidizationcraft:models/item/bucket_cryonite.json
[31Aug2024 20:56:49.044] [Worker-Main-3/WARN] [net.minecraft.client.resources.model.ModelBakery/]: Unable to load model: 'fluidizationcraft:item/plutonium_fluid_block' referenced from: fluidizationcraft:item/plutonium_fluid_block: java.io.FileNotFoundException: fluidizationcraft:models/item/plutonium_fluid_block.json
[31Aug2024 20:56:49.045] [Worker-Main-3/WARN] [net.minecraft.client.resources.model.ModelBakery/]: Unable to load model: 'fluidizationcraft:item/cryonite_block' referenced from: fluidizationcraft:item/cryonite_block: java.io.FileNotFoundException: fluidizationcraft:models/item/cryonite_block.json
[31Aug2024 20:56:49.045] [Worker-Main-3/WARN] [net.minecraft.client.resources.model.ModelBakery/]: Unable to load model: 'fluidizationcraft:item/bucket_acid' referenced from: fluidizationcraft:item/bucket_acid: java.io.FileNotFoundException: fluidizationcraft:models/item/bucket_acid.json
[31Aug2024 20:56:49.047] [Worker-Main-3/WARN] [net.minecraft.client.resources.model.ModelBakery/]: Unable to load model: 'fluidizationcraft:item/bucket_pyronite' referenced from: fluidizationcraft:item/bucket_pyronite: java.io.FileNotFoundException: fluidizationcraft:models/item/bucket_pyronite.json
[31Aug2024 20:56:49.048] [Worker-Main-3/WARN] [net.minecraft.client.resources.model.ModelBakery/]: Unable to load model: 'fluidizationcraft:item/uranium_fluid_block' referenced from: fluidizationcraft:item/uranium_fluid_block: java.io.FileNotFoundException: fluidizationcraft:models/item/uranium_fluid_block.json
[31Aug2024 20:56:49.048] [Worker-Main-3/WARN] [net.minecraft.client.resources.model.ModelBakery/]: Unable to load model: 'fluidizationcraft:item/pyronite_fluid_block' referenced from: fluidizationcraft:item/pyronite_fluid_block: java.io.FileNotFoundException: fluidizationcraft:models/item/pyronite_fluid_block.json
[31Aug2024 20:56:50.165] [Render thread/WARN] [net.minecraft.client.sounds.SoundEngine/]: Missing sound for event: minecraft:item.goat_horn.play
[31Aug2024 20:56:50.165] [Render thread/WARN] [net.minecraft.client.sounds.SoundEngine/]: Missing sound for event: minecraft:entity.goat.screaming.horn_break
[31Aug2024 20:56:50.238] [Render thread/INFO] [com.mojang.blaze3d.audio.Library/]: OpenAL initialized on device OpenAL Soft on 3 - 43S451 (AMD High Definition Audio Device)
[31Aug2024 20:56:50.239] [Render thread/INFO] [net.minecraft.client.sounds.SoundEngine/SOUNDS]: Sound engine started
[31Aug2024 20:56:50.473] [Render thread/INFO] [net.minecraft.client.renderer.texture.TextureAtlas/]: Created: 512x1024x4 minecraft:textures/atlas/blocks.png-atlas
[31Aug2024 20:56:50.490] [Render thread/INFO] [net.minecraft.client.renderer.texture.TextureAtlas/]: Created: 256x256x4 minecraft:textures/atlas/signs.png-atlas
[31Aug2024 20:56:50.491] [Render thread/INFO] [net.minecraft.client.renderer.texture.TextureAtlas/]: Created: 512x512x4 minecraft:textures/atlas/shield_patterns.png-atlas
[31Aug2024 20:56:50.492] [Render thread/INFO] [net.minecraft.client.renderer.texture.TextureAtlas/]: Created: 512x512x4 minecraft:textures/atlas/banner_patterns.png-atlas
[31Aug2024 20:56:50.497] [Render thread/INFO] [net.minecraft.client.renderer.texture.TextureAtlas/]: Created: 1024x1024x4 minecraft:textures/atlas/armor_trims.png-atlas
[31Aug2024 20:56:50.514] [Render thread/INFO] [net.minecraft.client.renderer.texture.TextureAtlas/]: Created: 128x64x4 minecraft:textures/atlas/decorated_pot.png-atlas
[31Aug2024 20:56:50.514] [Render thread/INFO] [net.minecraft.client.renderer.texture.TextureAtlas/]: Created: 256x256x4 minecraft:textures/atlas/chest.png-atlas
[31Aug2024 20:56:50.515] [Render thread/INFO] [net.minecraft.client.renderer.texture.TextureAtlas/]: Created: 512x256x4 minecraft:textures/atlas/shulker_boxes.png-atlas
[31Aug2024 20:56:50.515] [Render thread/INFO] [net.minecraft.client.renderer.texture.TextureAtlas/]: Created: 512x256x4 minecraft:textures/atlas/beds.png-atlas
[31Aug2024 20:56:50.635] [Render thread/INFO] [net.minecraft.client.renderer.texture.TextureAtlas/]: Created: 512x256x0 minecraft:textures/atlas/particles.png-atlas
[31Aug2024 20:56:50.638] [Render thread/INFO] [net.minecraft.client.renderer.texture.TextureAtlas/]: Created: 512x256x0 minecraft:textures/atlas/paintings.png-atlas
[31Aug2024 20:56:50.639] [Render thread/INFO] [net.minecraft.client.renderer.texture.TextureAtlas/]: Created: 256x128x0 minecraft:textures/atlas/mob_effects.png-atlas
[31Aug2024 20:56:50.639] [Render thread/INFO] [net.minecraft.client.renderer.texture.TextureAtlas/]: Created: 64x64x0 minecraft:textures/atlas/map_decorations.png-atlas
[31Aug2024 20:56:50.640] [Render thread/INFO] [net.minecraft.client.renderer.texture.TextureAtlas/]: Created: 1024x512x0 minecraft:textures/atlas/gui.png-atlas
[31Aug2024 20:56:50.735] [Render thread/WARN] [net.minecraft.client.renderer.ShaderInstance/]: Shader rendertype_entity_translucent_emissive could not find sampler named Sampler2 in the specified shader program.
[31Aug2024 20:57:10.523] [Render thread/INFO] [net.minecraft.world.item.crafting.RecipeManager/]: Loaded 1299 recipes
[31Aug2024 20:57:10.775] [Render thread/INFO] [net.minecraft.advancements.AdvancementTree/]: Loaded 1408 advancements
[31Aug2024 20:57:11.438] [Server thread/INFO] [net.minecraft.client.server.IntegratedServer/]: Starting integrated minecraft server version 1.21
[31Aug2024 20:57:11.438] [Server thread/INFO] [net.minecraft.server.MinecraftServer/]: Generating keypair
[31Aug2024 20:57:11.775] [Server thread/INFO] [net.minecraft.server.MinecraftServer/]: Preparing start region for dimension minecraft:overworld
[31Aug2024 20:57:12.071] [progressListener/INFO] [net.minecraft.server.level.progress.LoggerChunkProgressListener/]: Preparing spawn area: 0%
[31Aug2024 20:57:12.176] [Server thread/INFO] [net.neoforged.neoforge.server.permission.PermissionAPI/]: Successfully initialized permission handler neoforge:default_handler
[31Aug2024 20:57:12.181] [progressListener/INFO] [net.minecraft.server.level.progress.LoggerChunkProgressListener/]: Time elapsed: 400 ms
[31Aug2024 20:57:12.306] [Server thread/INFO] [net.minecraft.client.server.IntegratedServer/]: Changing view distance to 12, from 10
[31Aug2024 20:57:12.306] [Server thread/INFO] [net.minecraft.client.server.IntegratedServer/]: Changing simulation distance to 12, from 0
[31Aug2024 20:57:13.389] [Server thread/INFO] [net.minecraft.server.players.PlayerList/]: Dev[local:E:3b58a4f5] logged in with entity id 11 at (56.54894784155252, 56.0, 48.05187533220474)
[31Aug2024 20:57:13.546] [Server thread/INFO] [net.minecraft.server.MinecraftServer/]: Dev joined the game
[31Aug2024 20:57:13.854] [Render thread/INFO] [net.minecraft.advancements.AdvancementTree/]: Loaded 15 advancements
[31Aug2024 20:58:45.743] [Render thread/INFO] [net.minecraft.client.Minecraft/]: Stopping!
[31Aug2024 20:58:45.782] [Server thread/INFO] [net.minecraft.server.network.ServerGamePacketListenerImpl/]: Dev lost connection: Disconnected
[31Aug2024 20:58:45.782] [Server thread/INFO] [net.minecraft.server.MinecraftServer/]: Dev left the game
[31Aug2024 20:58:45.812] [Server thread/INFO] [net.minecraft.server.network.ServerCommonPacketListenerImpl/]: Stopping singleplayer server as player logged out
[31Aug2024 20:58:45.848] [Server thread/INFO] [net.minecraft.server.MinecraftServer/]: Stopping server
[31Aug2024 20:58:45.850] [Server thread/INFO] [net.minecraft.server.MinecraftServer/]: Saving players
[31Aug2024 20:58:45.850] [Server thread/INFO] [net.minecraft.server.MinecraftServer/]: Saving worlds
[31Aug2024 20:58:46.053] [Server thread/INFO] [net.minecraft.server.MinecraftServer/]: Saving chunks for level 'ServerLevel[New World]'/minecraft:overworld
[31Aug2024 20:58:46.202] [Server thread/INFO] [net.minecraft.server.MinecraftServer/]: Saving chunks for level 'ServerLevel[New World]'/minecraft:the_end
[31Aug2024 20:58:46.216] [Server thread/INFO] [net.minecraft.server.MinecraftServer/]: Saving chunks for level 'ServerLevel[New World]'/minecraft:the_nether
[31Aug2024 20:58:46.240] [Server thread/INFO] [net.minecraft.server.MinecraftServer/]: ThreadedAnvilChunkStorage (New World): All chunks are saved
[31Aug2024 20:58:46.240] [Server thread/INFO] [net.minecraft.server.MinecraftServer/]: ThreadedAnvilChunkStorage (DIM1): All chunks are saved
[31Aug2024 20:58:46.240] [Server thread/INFO] [net.minecraft.server.MinecraftServer/]: ThreadedAnvilChunkStorage (DIM-1): All chunks are saved
[31Aug2024 20:58:46.240] [Server thread/INFO] [net.minecraft.server.MinecraftServer/]: ThreadedAnvilChunkStorage: All dimensions are saved
